-------------------------------------------------------------------------------
Test set: Electricity.dataAccessOutput.MeterDAOTest
-------------------------------------------------------------------------------
Tests run: 11, Failures: 4, Errors: 0, Skipped: 0, Time elapsed: 0.121 s <<< FAILURE! -- in Electricity.dataAccessOutput.MeterDAOTest
Electricity.dataAccessOutput.MeterDAOTest.testUpdateMeter -- Time elapsed: 0.029 s <<< FAILURE!
Argument(s) are different! Wanted:
mockConnection.prepareStatement(
    contains("UPDATE meter SET")
);
-> at Electricity.dataAccessOutput.MeterDAOTest.testUpdateMeter(MeterDAOTest.java:219)
Actual invocations have different arguments:
mockConnection.prepareStatement(
    "UPDATE meter_info SET meter_location = ?, meter_type = ?, phase_code = ?, bill_type = ?, days = ? WHERE meter_number = ?"
);
-> at Electricity.dataAccessOutput.MeterDAO.updateMeter(MeterDAO.java:97)
mockConnection.close(
    
);
-> at Electricity.dataAccessOutput.BaseDAO.closeConnection(BaseDAO.java:75)

	at Electricity.dataAccessOutput.MeterDAOTest.testUpdateMeter(MeterDAOTest.java:219)
	at java.base/java.lang.reflect.Method.invoke(Method.java:566)

Electricity.dataAccessOutput.MeterDAOTest.testGetMetersByLocation -- Time elapsed: 0.009 s <<< FAILURE!
Argument(s) are different! Wanted:
mockConnection.prepareStatement(
    contains("SELECT * FROM meter WHERE meter_location = ?")
);
-> at Electricity.dataAccessOutput.MeterDAOTest.testGetMetersByLocation(MeterDAOTest.java:205)
Actual invocations have different arguments:
mockConnection.prepareStatement(
    "SELECT * FROM meter_info WHERE meter_location = ?"
);
-> at Electricity.dataAccessOutput.MeterDAO.getMetersByLocation(MeterDAO.java:189)
mockConnection.close(
    
);
-> at Electricity.dataAccessOutput.BaseDAO.closeConnection(BaseDAO.java:75)

	at Electricity.dataAccessOutput.MeterDAOTest.testGetMetersByLocation(MeterDAOTest.java:205)
	at java.base/java.lang.reflect.Method.invoke(Method.java:566)

Electricity.dataAccessOutput.MeterDAOTest.testGetAllMeters -- Time elapsed: 0.010 s <<< FAILURE!
java.lang.AssertionError: First meter number should be M12345 expected:<M12345> but was:<null>
	at org.junit.Assert.fail(Assert.java:89)
	at org.junit.Assert.failNotEquals(Assert.java:835)
	at org.junit.Assert.assertEquals(Assert.java:120)
	at Electricity.dataAccessOutput.MeterDAOTest.testGetAllMeters(MeterDAOTest.java:166)
	at java.base/java.lang.reflect.Method.invoke(Method.java:566)

Electricity.dataAccessOutput.MeterDAOTest.testGetMeterByNumber -- Time elapsed: 0.009 s <<< FAILURE!
java.lang.AssertionError: Retrieved meter number should match expected:<M12345> but was:<null>
	at org.junit.Assert.fail(Assert.java:89)
	at org.junit.Assert.failNotEquals(Assert.java:835)
	at org.junit.Assert.assertEquals(Assert.java:120)
	at Electricity.dataAccessOutput.MeterDAOTest.testGetMeterByNumber(MeterDAOTest.java:112)
	at java.base/java.lang.reflect.Method.invoke(Method.java:566)

